Using pre-set license
Built from '2022.3/staging' branch; Version is '2022.3.13f1 (5f90a5ebde0f) revision 6262949'; Using compiler version '192829333'; Build Type 'Release'
OS: 'Windows 11  (10.0.22621) 64bit CoreSingleLanguage' Language: 'ru' Physical Memory: 16202 MB
BatchMode: 1, IsHumanControllingUs: 0, StartBugReporterOnCrash: 0, Is64bit: 1, IsPro: 1

COMMAND LINE ARGUMENTS:
C:\Program Files\Unity\Hub\Editor\2022.3.13f1\Editor\Unity.exe
-adb2
-batchMode
-noUpm
-name
AssetImportWorker1
-projectPath
C:/Users/slach/Desktop/Doodle Jump Clone
-logFile
Logs/AssetImportWorker1.log
-srvPort
56874
Successfully changed project path to: C:/Users/slach/Desktop/Doodle Jump Clone
C:/Users/slach/Desktop/Doodle Jump Clone
[UnityMemory] Configuration Parameters - Can be set up in boot.config
    "memorysetup-bucket-allocator-granularity=16"
    "memorysetup-bucket-allocator-bucket-count=8"
    "memorysetup-bucket-allocator-block-size=33554432"
    "memorysetup-bucket-allocator-block-count=8"
    "memorysetup-main-allocator-block-size=16777216"
    "memorysetup-thread-allocator-block-size=16777216"
    "memorysetup-gfx-main-allocator-block-size=16777216"
    "memorysetup-gfx-thread-allocator-block-size=16777216"
    "memorysetup-cache-allocator-block-size=4194304"
    "memorysetup-typetree-allocator-block-size=2097152"
    "memorysetup-profiler-bucket-allocator-granularity=16"
    "memorysetup-profiler-bucket-allocator-bucket-count=8"
    "memorysetup-profiler-bucket-allocator-block-size=33554432"
    "memorysetup-profiler-bucket-allocator-block-count=8"
    "memorysetup-profiler-allocator-block-size=16777216"
    "memorysetup-profiler-editor-allocator-block-size=1048576"
    "memorysetup-temp-allocator-size-main=16777216"
    "memorysetup-job-temp-allocator-block-size=2097152"
    "memorysetup-job-temp-allocator-block-size-background=1048576"
    "memorysetup-job-temp-allocator-reduction-small-platforms=262144"
    "memorysetup-allocator-temp-initial-block-size-main=262144"
    "memorysetup-allocator-temp-initial-block-size-worker=262144"
    "memorysetup-temp-allocator-size-background-worker=32768"
    "memorysetup-temp-allocator-size-job-worker=262144"
    "memorysetup-temp-allocator-size-preload-manager=33554432"
    "memorysetup-temp-allocator-size-nav-mesh-worker=65536"
    "memorysetup-temp-allocator-size-audio-worker=65536"
    "memorysetup-temp-allocator-size-cloud-worker=32768"
    "memorysetup-temp-allocator-size-gi-baking-worker=262144"
    "memorysetup-temp-allocator-size-gfx=262144"
Player connection [19296] Host "[IP] 100.64.202.160 [Port] 0 [Flags] 2 [Guid] 4131116039 [EditorId] 4131116039 [Version] 1048832 [Id] WindowsEditor(7,DESKTOP-7OBH223) [Debug] 1 [PackageName] WindowsEditor [ProjectName] Editor" joined multi-casting on [225.0.0.222:54997]...

Player connection [19296] Host "[IP] 100.64.202.160 [Port] 0 [Flags] 2 [Guid] 4131116039 [EditorId] 4131116039 [Version] 1048832 [Id] WindowsEditor(7,DESKTOP-7OBH223) [Debug] 1 [PackageName] WindowsEditor [ProjectName] Editor" joined alternative multi-casting on [225.0.0.222:34997]...

[Physics::Module] Initialized MultithreadedJobDispatcher with 7 workers.
Refreshing native plugins compatible for Editor in 11.32 ms, found 2 plugins.
Preloading 0 native plugins for Editor in 0.00 ms.
Initialize engine version: 2022.3.13f1 (5f90a5ebde0f)
[Subsystems] Discovering subsystems at path C:/Program Files/Unity/Hub/Editor/2022.3.13f1/Editor/Data/Resources/UnitySubsystems
[Subsystems] Discovering subsystems at path C:/Users/slach/Desktop/Doodle Jump Clone/Assets
GfxDevice: creating device client; threaded=0; jobified=0
Direct3D:
    Version:  Direct3D 11.0 [level 11.1]
    Renderer: NVIDIA GeForce RTX 3060 Laptop GPU (ID=0x2520)
    Vendor:   NVIDIA
    VRAM:     6023 MB
    Driver:   30.0.14.9717
Initialize mono
Mono path[0] = 'C:/Program Files/Unity/Hub/Editor/2022.3.13f1/Editor/Data/Managed'
Mono path[1] = 'C:/Program Files/Unity/Hub/Editor/2022.3.13f1/Editor/Data/MonoBleedingEdge/lib/mono/unityjit-win32'
Mono config path = 'C:/Program Files/Unity/Hub/Editor/2022.3.13f1/Editor/Data/MonoBleedingEdge/etc'
Using monoOptions --debugger-agent=transport=dt_socket,embedding=1,server=y,suspend=n,address=127.0.0.1:56696
Begin MonoManager ReloadAssembly
Registering precompiled unity dll's ...
Register platform support module: C:/Program Files/Unity/Hub/Editor/2022.3.13f1/Editor/Data/PlaybackEngines/WebGLSupport/UnityEditor.WebGL.Extensions.dll
Register platform support module: C:/Program Files/Unity/Hub/Editor/2022.3.13f1/Editor/Data/PlaybackEngines/AndroidPlayer/UnityEditor.Android.Extensions.dll
Register platform support module: C:/Program Files/Unity/Hub/Editor/2022.3.13f1/Editor/Data/PlaybackEngines/WindowsStandaloneSupport/UnityEditor.WindowsStandalone.Extensions.dll
Registered in 0.009624 seconds.
- Loaded All Assemblies, in  0.424 seconds
Native extension for WindowsStandalone target not found
Native extension for Android target not found
Android Extension - Scanning For ADB Devices 232 ms
Native extension for WebGL target not found
Mono: successfully reloaded assembly
- Finished resetting the current domain, in  0.606 seconds
Domain Reload Profiling: 1029ms
	BeginReloadAssembly (117ms)
		ExecutionOrderSort (0ms)
		DisableScriptedObjects (0ms)
		BackupInstance (0ms)
		ReleaseScriptingObjects (0ms)
		CreateAndSetChildDomain (1ms)
	RebuildCommonClasses (41ms)
	RebuildNativeTypeToScriptingClass (14ms)
	initialDomainReloadingComplete (70ms)
	LoadAllAssembliesAndSetupDomain (181ms)
		LoadAssemblies (115ms)
		RebuildTransferFunctionScriptingTraits (0ms)
		AnalyzeDomain (178ms)
			TypeCache.Refresh (177ms)
				TypeCache.ScanAssembly (158ms)
			ScanForSourceGeneratedMonoScriptInfo (1ms)
			ResolveRequiredComponents (1ms)
	FinalizeReload (606ms)
		ReleaseScriptCaches (0ms)
		RebuildScriptCaches (0ms)
		SetupLoadedEditorAssemblies (537ms)
			LogAssemblyErrors (0ms)
			InitializePlatformSupportModulesInManaged (360ms)
			SetLoadedEditorAssemblies (4ms)
			RefreshPlugins (0ms)
			BeforeProcessingInitializeOnLoad (3ms)
			ProcessInitializeOnLoadAttributes (118ms)
			ProcessInitializeOnLoadMethodAttributes (53ms)
			AfterProcessingInitializeOnLoad (0ms)
			EditorAssembliesLoaded (0ms)
		ExecutionOrderSort2 (0ms)
		AwakeInstancesAfterBackupRestoration (0ms)
========================================================================
Worker process is ready to serve import requests
Begin MonoManager ReloadAssembly
Symbol file LoadedFromMemory is not a mono symbol file
- Loaded All Assemblies, in  0.674 seconds
Refreshing native plugins compatible for Editor in 6.96 ms, found 2 plugins.
Native extension for WindowsStandalone target not found
Native extension for Android target not found
Native extension for WebGL target not found
Package Manager log level set to [2]
[Package Manager] Server::EnsureServerProcessIsRunning -- launch failed, reason: Unity was launched with the -noUpm command-line argument
[Package Manager] UpmClient::Send -- Unable to send message (not connected to UPM process).
[Package Manager] Cannot connect to Unity Package Manager local server
Mono: successfully reloaded assembly
- Finished resetting the current domain, in  1.004 seconds
Domain Reload Profiling: 1675ms
	BeginReloadAssembly (163ms)
		ExecutionOrderSort (0ms)
		DisableScriptedObjects (7ms)
		BackupInstance (0ms)
		ReleaseScriptingObjects (0ms)
		CreateAndSetChildDomain (23ms)
	RebuildCommonClasses (43ms)
	RebuildNativeTypeToScriptingClass (15ms)
	initialDomainReloadingComplete (44ms)
	LoadAllAssembliesAndSetupDomain (405ms)
		LoadAssemblies (336ms)
		RebuildTransferFunctionScriptingTraits (0ms)
		AnalyzeDomain (164ms)
			TypeCache.Refresh (136ms)
				TypeCache.ScanAssembly (112ms)
			ScanForSourceGeneratedMonoScriptInfo (24ms)
			ResolveRequiredComponents (3ms)
	FinalizeReload (1005ms)
		ReleaseScriptCaches (0ms)
		RebuildScriptCaches (0ms)
		SetupLoadedEditorAssemblies (821ms)
			LogAssemblyErrors (0ms)
			InitializePlatformSupportModulesInManaged (28ms)
			SetLoadedEditorAssemblies (5ms)
			RefreshPlugins (0ms)
			BeforeProcessingInitializeOnLoad (66ms)
			ProcessInitializeOnLoadAttributes (521ms)
			ProcessInitializeOnLoadMethodAttributes (195ms)
			AfterProcessingInitializeOnLoad (6ms)
			EditorAssembliesLoaded (0ms)
		ExecutionOrderSort2 (0ms)
		AwakeInstancesAfterBackupRestoration (6ms)
Launched and connected shader compiler UnityShaderCompiler.exe after 0.04 seconds
Refreshing native plugins compatible for Editor in 10.15 ms, found 2 plugins.
Preloading 0 native plugins for Editor in 0.00 ms.
Unloading 2516 Unused Serialized files (Serialized files now loaded: 0)
Unloading 61 unused Assets / (68.6 KB). Loaded Objects now: 2961.
Memory consumption went from 113.7 MB to 113.7 MB.
Total: 10.968500 ms (FindLiveObjects: 0.310300 ms CreateObjectMapping: 0.285500 ms MarkObjects: 10.218000 ms  DeleteObjects: 0.153200 ms)

AssetImportParameters requested are different than current active one (requested -> active):
  custom:video-decoder-webm-vp8: 9c59270c3fd7afecdb556c50c9e8de78 -> 
  custom:SearchIndexIgnoredProperties: e643bd26f0fe6173181afceb89e7c659 -> 
  custom:container-demuxer-ogg: 62fdf1f143b41e24485cea50d1cbac27 -> 
  custom:AudioImporter_EditorPlatform: d09bf68614088b80899f8185d706f6e7 -> 
  custom:video-codec-MediaFoundation-h265: 746d11721c4dcdbdad8f713fa42b33f4 -> 
  custom:video-decoder-ogg-theora: a1e56fd34408186e4bbccfd4996cb3dc -> 
  custom:framework-win-MediaFoundation: 216162199b28c13a410421893ffa2e32 -> 
  custom:video-encoder-webm-vp8: eb34c28f22e8b96e1ab97ce403110664 -> 
  custom:audio-decoder-ogg-vorbis: bf7c407c2cedff20999df2af8eb42d56 -> 
  custom:container-demuxer-webm: 4f35f7cbe854078d1ac9338744f61a02 -> 
  custom:audio-encoder-webm-vorbis: bf7c407c2cedff20999df2af8eb42d56 -> 
  custom:container-muxer-webm: aa71ff27fc2769a1b78a27578f13a17b -> 
========================================================================
Received Import Request.
  Time since last request: 181431.746193 seconds.
  path: Packages/com.unity.purchasing/package.json
  artifactKey: Guid(4797030ac1a4416a944aa07d854ffeb4) Importer(815301076,1909f56bfc062723c751e8b465ee728b)
Start importing Packages/com.unity.purchasing/package.json using Guid(4797030ac1a4416a944aa07d854ffeb4) Importer(815301076,1909f56bfc062723c751e8b465ee728b)  -> (artifact id: '425fd2da8732e0471c8bbe569561d2c5') in 0.010697 seconds
Number of updated asset objects reloaded before import = 0
Number of asset objects unloaded after import = 1
========================================================================
Received Import Request.
  Time since last request: 10.498051 seconds.
  path: Assets/Art/Doodle Jump/ach-bouncer@2x.png
  artifactKey: Guid(c561fcd40c5e2ba4b98c30e4a4b9d958) Importer(815301076,1909f56bfc062723c751e8b465ee728b)
Start importing Assets/Art/Doodle Jump/ach-bouncer@2x.png using Guid(c561fcd40c5e2ba4b98c30e4a4b9d958) Importer(815301076,1909f56bfc062723c751e8b465ee728b)  -> (artifact id: '3a1fbb21b40cabc705b1aaf8c54554db') in 0.059102 seconds
Number of updated asset objects reloaded before import = 0
Number of asset objects unloaded after import = 3
========================================================================
Received Import Request.
  Time since last request: 0.000020 seconds.
  path: Assets/Art/Doodle Jump/ach-endurance-jumper@2x.png
  artifactKey: Guid(7e7aa1710b45b134ea43f891bf008b47) Importer(815301076,1909f56bfc062723c751e8b465ee728b)
Start importing Assets/Art/Doodle Jump/ach-endurance-jumper@2x.png using Guid(7e7aa1710b45b134ea43f891bf008b47) Importer(815301076,1909f56bfc062723c751e8b465ee728b)  -> (artifact id: 'a9fe23a5842d4f0740d28d93f497c8f4') in 0.018986 seconds
Number of updated asset objects reloaded before import = 0
Number of asset objects unloaded after import = 3
========================================================================
Received Import Request.
  Time since last request: 0.000020 seconds.
  path: Assets/Art/Doodle Jump/ach-egg-hunter-1000@2x.png
  artifactKey: Guid(9640b0bd11aa94d408fbb40d2f8ff15b) Importer(815301076,1909f56bfc062723c751e8b465ee728b)
Start importing Assets/Art/Doodle Jump/ach-egg-hunter-1000@2x.png using Guid(9640b0bd11aa94d408fbb40d2f8ff15b) Importer(815301076,1909f56bfc062723c751e8b465ee728b)  -> (artifact id: 'bf5597ce102930b5f8696b27c0671f32') in 0.016967 seconds
Number of updated asset objects reloaded before import = 0
Number of asset objects unloaded after import = 3
========================================================================
Received Import Request.
  Time since last request: 0.000025 seconds.
  path: Assets/Art/Doodle Jump/ach-hundred-thousand.png
  artifactKey: Guid(41ad57cd76f421f40be7518e3198bd58) Importer(815301076,1909f56bfc062723c751e8b465ee728b)
Start importing Assets/Art/Doodle Jump/ach-hundred-thousand.png using Guid(41ad57cd76f421f40be7518e3198bd58) Importer(815301076,1909f56bfc062723c751e8b465ee728b)  -> (artifact id: '5d6c48a6675e314d26efe2e19eb54e20') in 0.018870 seconds
Number of updated asset objects reloaded before import = 0
Number of asset objects unloaded after import = 3
========================================================================
Received Import Request.
  Time since last request: 0.000012 seconds.
  path: Assets/Art/Doodle Jump/ach-doodle-jump-explorer.png
  artifactKey: Guid(018872c0ed73a554f956f176c5e9853b) Importer(815301076,1909f56bfc062723c751e8b465ee728b)
Start importing Assets/Art/Doodle Jump/ach-doodle-jump-explorer.png using Guid(018872c0ed73a554f956f176c5e9853b) Importer(815301076,1909f56bfc062723c751e8b465ee728b)  -> (artifact id: 'ec491dd211a1f223a0ef0e4aee2df032') in 0.016347 seconds
Number of updated asset objects reloaded before import = 0
Number of asset objects unloaded after import = 3
========================================================================
Received Import Request.
  Time since last request: 0.000015 seconds.
  path: Assets/Art/Doodle Jump/ach-monster-chopper@2x.png
  artifactKey: Guid(851fb176f5d89eb42a726cc819464b30) Importer(815301076,1909f56bfc062723c751e8b465ee728b)
Start importing Assets/Art/Doodle Jump/ach-monster-chopper@2x.png using Guid(851fb176f5d89eb42a726cc819464b30) Importer(815301076,1909f56bfc062723c751e8b465ee728b)  -> (artifact id: '6e78c9adc9b09b20b3d77dea9e05d979') in 0.016270 seconds
Number of updated asset objects reloaded before import = 0
Number of asset objects unloaded after import = 3
========================================================================
Received Import Request.
  Time since last request: 0.000015 seconds.
  path: Assets/Art/Doodle Jump/ach-focused-endurance-jumper@2x.png
  artifactKey: Guid(8a0906f21783cfb4fae071b41802bfcd) Importer(815301076,1909f56bfc062723c751e8b465ee728b)
Start importing Assets/Art/Doodle Jump/ach-focused-endurance-jumper@2x.png using Guid(8a0906f21783cfb4fae071b41802bfcd) Importer(815301076,1909f56bfc062723c751e8b465ee728b)  -> (artifact id: 'd2f1b33c8799505d72b19737f7a433e7') in 0.017056 seconds
Number of updated asset objects reloaded before import = 0
Number of asset objects unloaded after import = 3
========================================================================
Received Import Request.
  Time since last request: 0.000013 seconds.
  path: Assets/Art/Doodle Jump/ach-race-hero.png
  artifactKey: Guid(3fac9a2cb2ec3d74fb8837a8efc6b19e) Importer(815301076,1909f56bfc062723c751e8b465ee728b)
Start importing Assets/Art/Doodle Jump/ach-race-hero.png using Guid(3fac9a2cb2ec3d74fb8837a8efc6b19e) Importer(815301076,1909f56bfc062723c751e8b465ee728b)  -> (artifact id: '1446655a2b9ad5975d4aec3dfdbec629') in 0.015180 seconds
Number of updated asset objects reloaded before import = 0
Number of asset objects unloaded after import = 3
========================================================================
Received Import Request.
  Time since last request: 0.000013 seconds.
  path: Assets/Art/Doodle Jump/ach-sharp.png
  artifactKey: Guid(b5a3e4a279f545b46be7c16cc83a93da) Importer(815301076,1909f56bfc062723c751e8b465ee728b)
Start importing Assets/Art/Doodle Jump/ach-sharp.png using Guid(b5a3e4a279f545b46be7c16cc83a93da) Importer(815301076,1909f56bfc062723c751e8b465ee728b)  -> (artifact id: 'e63e448e333fba4d28ff99d5bb28ae8e') in 0.016898 seconds
Number of updated asset objects reloaded before import = 0
Number of asset objects unloaded after import = 3
========================================================================
Received Import Request.
  Time since last request: 0.000013 seconds.
  path: Assets/Art/Doodle Jump/ach-spring@2x.png
  artifactKey: Guid(a10d546f36c285a4ab326f623428ca36) Importer(815301076,1909f56bfc062723c751e8b465ee728b)
Start importing Assets/Art/Doodle Jump/ach-spring@2x.png using Guid(a10d546f36c285a4ab326f623428ca36) Importer(815301076,1909f56bfc062723c751e8b465ee728b)  -> (artifact id: 'e4667aacc7af08ca17b2139cae176d62') in 0.016303 seconds
Number of updated asset objects reloaded before import = 0
Number of asset objects unloaded after import = 3
========================================================================
Received Import Request.
  Time since last request: 0.000106 seconds.
  path: Assets/Art/Doodle Jump/ach-super-bouncer.png
  artifactKey: Guid(edbcd666a347a5f4fb8d688f4eb21cbf) Importer(815301076,1909f56bfc062723c751e8b465ee728b)
Start importing Assets/Art/Doodle Jump/ach-super-bouncer.png using Guid(edbcd666a347a5f4fb8d688f4eb21cbf) Importer(815301076,1909f56bfc062723c751e8b465ee728b)  -> (artifact id: '484cf74dd553b5efab13f7e17eb96785') in 0.015865 seconds
Number of updated asset objects reloaded before import = 0
Number of asset objects unloaded after import = 3
========================================================================
Received Import Request.
  Time since last request: 0.000015 seconds.
  path: Assets/Art/Doodle Jump/ach-egg-hunter-50@2x.png
  artifactKey: Guid(93a6e41ed74b5ec46ad508a397277756) Importer(815301076,1909f56bfc062723c751e8b465ee728b)
Start importing Assets/Art/Doodle Jump/ach-egg-hunter-50@2x.png using Guid(93a6e41ed74b5ec46ad508a397277756) Importer(815301076,1909f56bfc062723c751e8b465ee728b)  -> (artifact id: 'f3575e90e69fedabe8b5af109e1536c1') in 0.017294 seconds
Number of updated asset objects reloaded before import = 0
Number of asset objects unloaded after import = 3
========================================================================
Received Import Request.
  Time since last request: 0.000014 seconds.
  path: Assets/Art/Doodle Jump/ach-super-springer@2x.png
  artifactKey: Guid(b9cbcb2ca2c5a04438220c258cc87554) Importer(815301076,1909f56bfc062723c751e8b465ee728b)
Start importing Assets/Art/Doodle Jump/ach-super-springer@2x.png using Guid(b9cbcb2ca2c5a04438220c258cc87554) Importer(815301076,1909f56bfc062723c751e8b465ee728b)  -> (artifact id: '1be1dc8fb55415e07bd8ac0ddac5ce24') in 0.016162 seconds
Number of updated asset objects reloaded before import = 0
Number of asset objects unloaded after import = 3
========================================================================
Received Import Request.
  Time since last request: 0.000017 seconds.
  path: Assets/Art/Doodle Jump/ach-twitter@2x.png
  artifactKey: Guid(9f077aafdd3930546846e553d94e9759) Importer(815301076,1909f56bfc062723c751e8b465ee728b)
Start importing Assets/Art/Doodle Jump/ach-twitter@2x.png using Guid(9f077aafdd3930546846e553d94e9759) Importer(815301076,1909f56bfc062723c751e8b465ee728b)  -> (artifact id: '73c0ab3837d45c049f8d28a515b71e08') in 0.018797 seconds
Number of updated asset objects reloaded before import = 0
Number of asset objects unloaded after import = 3
========================================================================
Received Import Request.
  Time since last request: 0.000013 seconds.
  path: Assets/Art/Doodle Jump/ach-ufo@2x.png
  artifactKey: Guid(8ed221387a5ee924b8dab23430c7e974) Importer(815301076,1909f56bfc062723c751e8b465ee728b)
Start importing Assets/Art/Doodle Jump/ach-ufo@2x.png using Guid(8ed221387a5ee924b8dab23430c7e974) Importer(815301076,1909f56bfc062723c751e8b465ee728b)  -> (artifact id: '409fefc85fa6353d8d209c03fe49ce29') in 0.016221 seconds
Number of updated asset objects reloaded before import = 0
Number of asset objects unloaded after import = 3
========================================================================
Received Import Request.
  Time since last request: 0.000020 seconds.
  path: Assets/Art/Doodle Jump/achievement-name-tiles@2x.png
  artifactKey: Guid(d96c8ec11aa64274baacd2da71e7297d) Importer(815301076,1909f56bfc062723c751e8b465ee728b)
Start importing Assets/Art/Doodle Jump/achievement-name-tiles@2x.png using Guid(d96c8ec11aa64274baacd2da71e7297d) Importer(815301076,1909f56bfc062723c751e8b465ee728b)  -> (artifact id: '8d47d69a333f14ffccbd684e6d65c54c') in 0.023772 seconds
Number of updated asset objects reloaded before import = 0
Number of asset objects unloaded after import = 3
========================================================================
Received Import Request.
  Time since last request: 0.000020 seconds.
  path: Assets/Art/Doodle Jump/ach-race-champ@2x.png
  artifactKey: Guid(60b28c8881236154caee237f49c32158) Importer(815301076,1909f56bfc062723c751e8b465ee728b)
Start importing Assets/Art/Doodle Jump/ach-race-champ@2x.png using Guid(60b28c8881236154caee237f49c32158) Importer(815301076,1909f56bfc062723c751e8b465ee728b)  -> (artifact id: 'd2220c353b3ff2cdd4cb30b0404644bf') in 0.017236 seconds
Number of updated asset objects reloaded before import = 0
Number of asset objects unloaded after import = 3
========================================================================
Received Import Request.
  Time since last request: 0.000014 seconds.
  path: Assets/Art/Doodle Jump/ach-race-legend.png
  artifactKey: Guid(677bb05ad2ffc0f44abb1bdf82ab125c) Importer(815301076,1909f56bfc062723c751e8b465ee728b)
Start importing Assets/Art/Doodle Jump/ach-race-legend.png using Guid(677bb05ad2ffc0f44abb1bdf82ab125c) Importer(815301076,1909f56bfc062723c751e8b465ee728b)  -> (artifact id: 'c2c5fa2c193fc8e69657ecd92bd40b86') in 0.017439 seconds
Number of updated asset objects reloaded before import = 0
Number of asset objects unloaded after import = 3
========================================================================
Received Import Request.
  Time since last request: 0.000036 seconds.
  path: Assets/Art/Doodle Jump/ach-old.png
  artifactKey: Guid(45d329eb5d87fcc48b2236185ff5011e) Importer(815301076,1909f56bfc062723c751e8b465ee728b)
Start importing Assets/Art/Doodle Jump/ach-old.png using Guid(45d329eb5d87fcc48b2236185ff5011e) Importer(815301076,1909f56bfc062723c751e8b465ee728b)  -> (artifact id: '7a38342ecd733a38605edbb0d521545f') in 0.016493 seconds
Number of updated asset objects reloaded before import = 0
Number of asset objects unloaded after import = 3
========================================================================
Received Import Request.
  Time since last request: 0.000017 seconds.
  path: Assets/Art/Doodle Jump/bck@2x.png
  artifactKey: Guid(dc1b209acfe57b54da3abc0d21f4bde4) Importer(815301076,1909f56bfc062723c751e8b465ee728b)
Start importing Assets/Art/Doodle Jump/bck@2x.png using Guid(dc1b209acfe57b54da3abc0d21f4bde4) Importer(815301076,1909f56bfc062723c751e8b465ee728b)  -> (artifact id: '6f1fb7f5bb537ea27ff32501a842f5f4') in 0.024846 seconds
Number of updated asset objects reloaded before import = 0
Number of asset objects unloaded after import = 3
========================================================================
Received Import Request.
  Time since last request: 0.000023 seconds.
  path: Assets/Art/Doodle Jump/achievement-name-tiles.png
  artifactKey: Guid(45562890f3a808f40bc6c9a8e4e3a068) Importer(815301076,1909f56bfc062723c751e8b465ee728b)
Start importing Assets/Art/Doodle Jump/achievement-name-tiles.png using Guid(45562890f3a808f40bc6c9a8e4e3a068) Importer(815301076,1909f56bfc062723c751e8b465ee728b)  -> (artifact id: '4577d585d5f6624d2b42b0520e548206') in 0.024740 seconds
Number of updated asset objects reloaded before import = 0
Number of asset objects unloaded after import = 3
========================================================================
Received Import Request.
  Time since last request: 0.000020 seconds.
  path: Assets/Art/Doodle Jump/ach-endurance-jumper.png
  artifactKey: Guid(90ef47b7fbc8e2d44b3f2cefd5d07024) Importer(815301076,1909f56bfc062723c751e8b465ee728b)
Start importing Assets/Art/Doodle Jump/ach-endurance-jumper.png using Guid(90ef47b7fbc8e2d44b3f2cefd5d07024) Importer(815301076,1909f56bfc062723c751e8b465ee728b)  -> (artifact id: '4173386306172efad73ee389fb3bdade') in 0.019461 seconds
Number of updated asset objects reloaded before import = 0
Number of asset objects unloaded after import = 3
========================================================================
Received Import Request.
  Time since last request: 0.000015 seconds.
  path: Assets/Art/Doodle Jump/blue-lik-left@2x.png
  artifactKey: Guid(1d0678467f320b744afe70d2f2fa6240) Importer(815301076,1909f56bfc062723c751e8b465ee728b)
Start importing Assets/Art/Doodle Jump/blue-lik-left@2x.png using Guid(1d0678467f320b744afe70d2f2fa6240) Importer(815301076,1909f56bfc062723c751e8b465ee728b)  -> (artifact id: 'dfe92b04134f7e0a3659b5116cfe34bb') in 0.025322 seconds
Number of updated asset objects reloaded before import = 0
Number of asset objects unloaded after import = 3
========================================================================
Received Import Request.
  Time since last request: 0.000014 seconds.
  path: Assets/Art/Doodle Jump/ach-ufo-bouncer@2x.png
  artifactKey: Guid(1a72532718ebb834cb91f6d2727f7cea) Importer(815301076,1909f56bfc062723c751e8b465ee728b)
Start importing Assets/Art/Doodle Jump/ach-ufo-bouncer@2x.png using Guid(1a72532718ebb834cb91f6d2727f7cea) Importer(815301076,1909f56bfc062723c751e8b465ee728b)  -> (artifact id: '80c329f93aeeeeb0a2fc82f15a77b8a0') in 0.019792 seconds
Number of updated asset objects reloaded before import = 0
Number of asset objects unloaded after import = 3
========================================================================
Received Import Request.
  Time since last request: 0.000023 seconds.
  path: Assets/Art/Doodle Jump/ach-super-conflict.png
  artifactKey: Guid(49f35576c0b74884d9ba903aceca87fe) Importer(815301076,1909f56bfc062723c751e8b465ee728b)
Start importing Assets/Art/Doodle Jump/ach-super-conflict.png using Guid(49f35576c0b74884d9ba903aceca87fe) Importer(815301076,1909f56bfc062723c751e8b465ee728b)  -> (artifact id: '1e8787bda8273cb2efc32ec7879f841a') in 0.020591 seconds
Number of updated asset objects reloaded before import = 0
Number of asset objects unloaded after import = 3
========================================================================
Received Import Request.
  Time since last request: 0.000018 seconds.
  path: Assets/Art/Doodle Jump/ach-twitter.png
  artifactKey: Guid(1cec29561113df64d86cc24c874cc306) Importer(815301076,1909f56bfc062723c751e8b465ee728b)
Start importing Assets/Art/Doodle Jump/ach-twitter.png using Guid(1cec29561113df64d86cc24c874cc306) Importer(815301076,1909f56bfc062723c751e8b465ee728b)  -> (artifact id: 'c48d135b547f2ef07fa7c43a57e310e3') in 0.019839 seconds
Number of updated asset objects reloaded before import = 0
Number of asset objects unloaded after import = 3
========================================================================
Received Import Request.
  Time since last request: 0.000017 seconds.
  path: Assets/Art/Doodle Jump/achievements.png
  artifactKey: Guid(84baa17a7b8fb6e41ae908adfaa998c2) Importer(815301076,1909f56bfc062723c751e8b465ee728b)
Start importing Assets/Art/Doodle Jump/achievements.png using Guid(84baa17a7b8fb6e41ae908adfaa998c2) Importer(815301076,1909f56bfc062723c751e8b465ee728b)  -> (artifact id: 'eb4e77514f93a05fdf651ab043fdd9ea') in 0.023113 seconds
Number of updated asset objects reloaded before import = 0
Number of asset objects unloaded after import = 3
========================================================================
Received Import Request.
  Time since last request: 0.000030 seconds.
  path: Assets/Art/Doodle Jump/auto-button-on.png
  artifactKey: Guid(2864b3f650cd91f448c4448fecfb7c0e) Importer(815301076,1909f56bfc062723c751e8b465ee728b)
Start importing Assets/Art/Doodle Jump/auto-button-on.png using Guid(2864b3f650cd91f448c4448fecfb7c0e) Importer(815301076,1909f56bfc062723c751e8b465ee728b)  -> (artifact id: '6b47444349619e75407cc286a2fe8f58') in 0.019260 seconds
Number of updated asset objects reloaded before import = 0
Number of asset objects unloaded after import = 3
========================================================================
Received Import Request.
  Time since last request: 0.000019 seconds.
  path: Assets/Art/Doodle Jump/auto-button-on@2x.png
  artifactKey: Guid(3c33d169debefe04e85b9fc737486b34) Importer(815301076,1909f56bfc062723c751e8b465ee728b)
Start importing Assets/Art/Doodle Jump/auto-button-on@2x.png using Guid(3c33d169debefe04e85b9fc737486b34) Importer(815301076,1909f56bfc062723c751e8b465ee728b)  -> (artifact id: '6d21db8a402cd2b51f9d9baafa1ce44f') in 0.018363 seconds
Number of updated asset objects reloaded before import = 0
Number of asset objects unloaded after import = 3
========================================================================
Received Import Request.
  Time since last request: 0.000018 seconds.
  path: Assets/Art/Doodle Jump/ach-race-hero@2x.png
  artifactKey: Guid(1ae231004ca349a48bfa2121651827f6) Importer(815301076,1909f56bfc062723c751e8b465ee728b)
Start importing Assets/Art/Doodle Jump/ach-race-hero@2x.png using Guid(1ae231004ca349a48bfa2121651827f6) Importer(815301076,1909f56bfc062723c751e8b465ee728b)  -> (artifact id: '00a4784f46f07ed5cf74fb8e7b5ef066') in 0.023329 seconds
Number of updated asset objects reloaded before import = 0
Number of asset objects unloaded after import = 3
========================================================================
Received Import Request.
  Time since last request: 0.000015 seconds.
  path: Assets/Art/Doodle Jump/ach-epic-fail@2x.png
  artifactKey: Guid(e894eb4f8e2d2704d8901a6322774489) Importer(815301076,1909f56bfc062723c751e8b465ee728b)
Start importing Assets/Art/Doodle Jump/ach-epic-fail@2x.png using Guid(e894eb4f8e2d2704d8901a6322774489) Importer(815301076,1909f56bfc062723c751e8b465ee728b)  -> (artifact id: '154031b5831c3b9187e92af01e986f70') in 0.020292 seconds
Number of updated asset objects reloaded before import = 0
Number of asset objects unloaded after import = 3
========================================================================
Received Import Request.
  Time since last request: 0.000020 seconds.
  path: Assets/Art/Doodle Jump/ach-old@2x.png
  artifactKey: Guid(72f97e3dd44a63142a9c11fb74a490dc) Importer(815301076,1909f56bfc062723c751e8b465ee728b)
Start importing Assets/Art/Doodle Jump/ach-old@2x.png using Guid(72f97e3dd44a63142a9c11fb74a490dc) Importer(815301076,1909f56bfc062723c751e8b465ee728b)  -> (artifact id: '9d86b0a98a278aacefbc166c91dbc2f7') in 0.020042 seconds
Number of updated asset objects reloaded before import = 0
Number of asset objects unloaded after import = 3
========================================================================
Received Import Request.
  Time since last request: 0.000017 seconds.
  path: Assets/Art/Doodle Jump/achievements_on.png
  artifactKey: Guid(24806763ab69a7e4ebe5ca8e06c9fac0) Importer(815301076,1909f56bfc062723c751e8b465ee728b)
Start importing Assets/Art/Doodle Jump/achievements_on.png using Guid(24806763ab69a7e4ebe5ca8e06c9fac0) Importer(815301076,1909f56bfc062723c751e8b465ee728b)  -> (artifact id: '0f1a1c6a122448c9a187014d6d0d64e5') in 0.020184 seconds
Number of updated asset objects reloaded before import = 0
Number of asset objects unloaded after import = 3
========================================================================
Received Import Request.
  Time since last request: 0.000014 seconds.
  path: Assets/Art/Doodle Jump/ach-epic-fail.png
  artifactKey: Guid(fb276a5c7caecc34c9fdea1012f94576) Importer(815301076,1909f56bfc062723c751e8b465ee728b)
Start importing Assets/Art/Doodle Jump/ach-epic-fail.png using Guid(fb276a5c7caecc34c9fdea1012f94576) Importer(815301076,1909f56bfc062723c751e8b465ee728b)  -> (artifact id: '9563de3cbdd77c3e4a6dfaa383da0f7c') in 0.021461 seconds
Number of updated asset objects reloaded before import = 0
Number of asset objects unloaded after import = 3
========================================================================
Received Import Request.
  Time since last request: 0.000017 seconds.
  path: Assets/Art/Doodle Jump/ach-super-sharp.png
  artifactKey: Guid(13ed2be9c9e908f438fc08dfc11e59b7) Importer(815301076,1909f56bfc062723c751e8b465ee728b)
Start importing Assets/Art/Doodle Jump/ach-super-sharp.png using Guid(13ed2be9c9e908f438fc08dfc11e59b7) Importer(815301076,1909f56bfc062723c751e8b465ee728b)  -> (artifact id: '77180fc9928604aaeeb610fb9fc2c7e3') in 0.021569 seconds
Number of updated asset objects reloaded before import = 0
Number of asset objects unloaded after import = 3
========================================================================
Received Import Request.
  Time since last request: 0.000020 seconds.
  path: Assets/Art/Doodle Jump/ach-facebook@2x.png
  artifactKey: Guid(f102c96ad332fcf4f9921bf7163cfbc0) Importer(815301076,1909f56bfc062723c751e8b465ee728b)
Start importing Assets/Art/Doodle Jump/ach-facebook@2x.png using Guid(f102c96ad332fcf4f9921bf7163cfbc0) Importer(815301076,1909f56bfc062723c751e8b465ee728b)  -> (artifact id: '5591be4b6875181f9cef283a147bba13') in 0.023062 seconds
Number of updated asset objects reloaded before import = 0
Number of asset objects unloaded after import = 3
========================================================================
Received Import Request.
  Time since last request: 0.000019 seconds.
  path: Assets/Art/Doodle Jump/ach-jetpack@2x.png
  artifactKey: Guid(bc2412bf78f06d74ea1aa19462f19d40) Importer(815301076,1909f56bfc062723c751e8b465ee728b)
Start importing Assets/Art/Doodle Jump/ach-jetpack@2x.png using Guid(bc2412bf78f06d74ea1aa19462f19d40) Importer(815301076,1909f56bfc062723c751e8b465ee728b)  -> (artifact id: '249e794c8f890d82f87c2a12b89be9d4') in 0.026501 seconds
Number of updated asset objects reloaded before import = 0
Number of asset objects unloaded after import = 3
========================================================================
Received Import Request.
  Time since last request: 0.000021 seconds.
  path: Assets/Art/Doodle Jump/blue-lik-left.png
  artifactKey: Guid(a4be60b758eafc547bb4ce319889a007) Importer(815301076,1909f56bfc062723c751e8b465ee728b)
Start importing Assets/Art/Doodle Jump/blue-lik-left.png using Guid(a4be60b758eafc547bb4ce319889a007) Importer(815301076,1909f56bfc062723c751e8b465ee728b)  -> (artifact id: '2a2163c3ac2618d5ecd3265e1095ca0c') in 0.022970 seconds
Number of updated asset objects reloaded before import = 0
Number of asset objects unloaded after import = 3
========================================================================
Received Import Request.
  Time since last request: 0.000020 seconds.
  path: Assets/Art/Doodle Jump/ach-epic-fail-ftw@2x.png
  artifactKey: Guid(e18c40685f4cd0c46ac1dccdffca14b1) Importer(815301076,1909f56bfc062723c751e8b465ee728b)
Start importing Assets/Art/Doodle Jump/ach-epic-fail-ftw@2x.png using Guid(e18c40685f4cd0c46ac1dccdffca14b1) Importer(815301076,1909f56bfc062723c751e8b465ee728b)  -> (artifact id: '6de6b8106a6d4a6b2fbbd0de042d8be6') in 0.023361 seconds
Number of updated asset objects reloaded before import = 0
Number of asset objects unloaded after import = 3
========================================================================
Received Import Request.
  Time since last request: 0.000017 seconds.
  path: Assets/Art/Doodle Jump/ach-super-springer.png
  artifactKey: Guid(2ecca3796c54793429cbfb7ddeb3d1d3) Importer(815301076,1909f56bfc062723c751e8b465ee728b)
Start importing Assets/Art/Doodle Jump/ach-super-springer.png using Guid(2ecca3796c54793429cbfb7ddeb3d1d3) Importer(815301076,1909f56bfc062723c751e8b465ee728b)  -> (artifact id: '9f8a4e959535db3ee1afdab2592f6d67') in 0.022300 seconds
Number of updated asset objects reloaded before import = 0
Number of asset objects unloaded after import = 3
========================================================================
Received Prepare
Refreshing native plugins compatible for Editor in 6.96 ms, found 2 plugins.
Preloading 0 native plugins for Editor in 0.00 ms.
Unloading 0 Unused Serialized files (Serialized files now loaded: 0)
Unloading 1 unused Assets / (0.9 KB). Loaded Objects now: 2986.
Memory consumption went from 73.8 MB to 73.8 MB.
Total: 7.572900 ms (FindLiveObjects: 0.240800 ms CreateObjectMapping: 0.193400 ms MarkObjects: 7.115200 ms  DeleteObjects: 0.022400 ms)

Prepare: number of updated asset objects reloaded= 0
AssetImportParameters requested are different than current active one (requested -> active):
  custom:video-decoder-webm-vp8: 9c59270c3fd7afecdb556c50c9e8de78 -> 
  custom:SearchIndexIgnoredProperties: e643bd26f0fe6173181afceb89e7c659 -> 
  custom:container-demuxer-ogg: 62fdf1f143b41e24485cea50d1cbac27 -> 
  custom:AudioImporter_EditorPlatform: d09bf68614088b80899f8185d706f6e7 -> 
  custom:video-codec-MediaFoundation-h265: 746d11721c4dcdbdad8f713fa42b33f4 -> 
  custom:video-decoder-ogg-theora: a1e56fd34408186e4bbccfd4996cb3dc -> 
  custom:framework-win-MediaFoundation: 216162199b28c13a410421893ffa2e32 -> 
  custom:video-encoder-webm-vp8: eb34c28f22e8b96e1ab97ce403110664 -> 
  custom:audio-decoder-ogg-vorbis: bf7c407c2cedff20999df2af8eb42d56 -> 
  custom:CustomObjectIndexerAttribute: 756ad292c208cfabdd7b50bc23989ffe -> 
  custom:container-demuxer-webm: 4f35f7cbe854078d1ac9338744f61a02 -> 
  custom:audio-encoder-webm-vorbis: bf7c407c2cedff20999df2af8eb42d56 -> 
  custom:container-muxer-webm: aa71ff27fc2769a1b78a27578f13a17b -> 
========================================================================
Received Prepare
Begin MonoManager ReloadAssembly
Symbol file LoadedFromMemory is not a mono symbol file
- Loaded All Assemblies, in  0.609 seconds
Refreshing native plugins compatible for Editor in 6.60 ms, found 2 plugins.
Native extension for WindowsStandalone target not found
Native extension for Android target not found
Native extension for WebGL target not found
[Package Manager] Server::EnsureServerProcessIsRunning -- launch failed, reason: Unity was launched with the -noUpm command-line argument
[Package Manager] UpmClient::Send -- Unable to send message (not connected to UPM process).
[Package Manager] Cannot connect to Unity Package Manager local server
Mono: successfully reloaded assembly
- Finished resetting the current domain, in  1.265 seconds
Domain Reload Profiling: 1872ms
	BeginReloadAssembly (310ms)
		ExecutionOrderSort (0ms)
		DisableScriptedObjects (8ms)
		BackupInstance (0ms)
		ReleaseScriptingObjects (0ms)
		CreateAndSetChildDomain (35ms)
	RebuildCommonClasses (42ms)
	RebuildNativeTypeToScriptingClass (14ms)
	initialDomainReloadingComplete (30ms)
	LoadAllAssembliesAndSetupDomain (211ms)
		LoadAssemblies (281ms)
		RebuildTransferFunctionScriptingTraits (0ms)
		AnalyzeDomain (10ms)
			TypeCache.Refresh (6ms)
				TypeCache.ScanAssembly (0ms)
			ScanForSourceGeneratedMonoScriptInfo (0ms)
			ResolveRequiredComponents (3ms)
	FinalizeReload (1265ms)
		ReleaseScriptCaches (0ms)
		RebuildScriptCaches (0ms)
		SetupLoadedEditorAssemblies (843ms)
			LogAssemblyErrors (0ms)
			InitializePlatformSupportModulesInManaged (36ms)
			SetLoadedEditorAssemblies (5ms)
			RefreshPlugins (0ms)
			BeforeProcessingInitializeOnLoad (69ms)
			ProcessInitializeOnLoadAttributes (519ms)
			ProcessInitializeOnLoadMethodAttributes (208ms)
			AfterProcessingInitializeOnLoad (6ms)
			EditorAssembliesLoaded (0ms)
		ExecutionOrderSort2 (0ms)
		AwakeInstancesAfterBackupRestoration (8ms)
Refreshing native plugins compatible for Editor in 7.77 ms, found 2 plugins.
Preloading 0 native plugins for Editor in 0.00 ms.
Unloading 2509 Unused Serialized files (Serialized files now loaded: 0)
Unloading 52 unused Assets / (43.1 KB). Loaded Objects now: 2988.
Memory consumption went from 114.7 MB to 114.6 MB.
Total: 10.265800 ms (FindLiveObjects: 0.274100 ms CreateObjectMapping: 0.282700 ms MarkObjects: 9.636600 ms  DeleteObjects: 0.071100 ms)

Prepare: number of updated asset objects reloaded= 0
AssetImportParameters requested are different than current active one (requested -> active):
  custom:video-decoder-webm-vp8: 9c59270c3fd7afecdb556c50c9e8de78 -> 
  custom:SearchIndexIgnoredProperties: e643bd26f0fe6173181afceb89e7c659 -> 
  custom:container-demuxer-ogg: 62fdf1f143b41e24485cea50d1cbac27 -> 
  custom:AudioImporter_EditorPlatform: d09bf68614088b80899f8185d706f6e7 -> 
  custom:video-codec-MediaFoundation-h265: 746d11721c4dcdbdad8f713fa42b33f4 -> 
  custom:video-decoder-ogg-theora: a1e56fd34408186e4bbccfd4996cb3dc -> 
  custom:framework-win-MediaFoundation: 216162199b28c13a410421893ffa2e32 -> 
  custom:video-encoder-webm-vp8: eb34c28f22e8b96e1ab97ce403110664 -> 
  custom:audio-decoder-ogg-vorbis: bf7c407c2cedff20999df2af8eb42d56 -> 
  custom:CustomObjectIndexerAttribute: 756ad292c208cfabdd7b50bc23989ffe -> 
  custom:container-demuxer-webm: 4f35f7cbe854078d1ac9338744f61a02 -> 
  custom:audio-encoder-webm-vorbis: bf7c407c2cedff20999df2af8eb42d56 -> 
  custom:container-muxer-webm: aa71ff27fc2769a1b78a27578f13a17b -> 
========================================================================
Received Prepare
Begin MonoManager ReloadAssembly
Symbol file LoadedFromMemory is not a mono symbol file
- Loaded All Assemblies, in  0.697 seconds
Refreshing native plugins compatible for Editor in 6.17 ms, found 2 plugins.
Native extension for WindowsStandalone target not found
Native extension for Android target not found
Native extension for WebGL target not found
[Package Manager] Server::EnsureServerProcessIsRunning -- launch failed, reason: Unity was launched with the -noUpm command-line argument
[Package Manager] UpmClient::Send -- Unable to send message (not connected to UPM process).
[Package Manager] Cannot connect to Unity Package Manager local server
Mono: successfully reloaded assembly
- Finished resetting the current domain, in  1.000 seconds
Domain Reload Profiling: 1695ms
	BeginReloadAssembly (310ms)
		ExecutionOrderSort (0ms)
		DisableScriptedObjects (6ms)
		BackupInstance (0ms)
		ReleaseScriptingObjects (0ms)
		CreateAndSetChildDomain (37ms)
	RebuildCommonClasses (59ms)
	RebuildNativeTypeToScriptingClass (14ms)
	initialDomainReloadingComplete (32ms)
	LoadAllAssembliesAndSetupDomain (280ms)
		LoadAssemblies (289ms)
		RebuildTransferFunctionScriptingTraits (0ms)
		AnalyzeDomain (74ms)
			TypeCache.Refresh (50ms)
				TypeCache.ScanAssembly (41ms)
			ScanForSourceGeneratedMonoScriptInfo (20ms)
			ResolveRequiredComponents (3ms)
	FinalizeReload (1001ms)
		ReleaseScriptCaches (0ms)
		RebuildScriptCaches (0ms)
		SetupLoadedEditorAssemblies (669ms)
			LogAssemblyErrors (0ms)
			InitializePlatformSupportModulesInManaged (23ms)
			SetLoadedEditorAssemblies (4ms)
			RefreshPlugins (0ms)
			BeforeProcessingInitializeOnLoad (59ms)
			ProcessInitializeOnLoadAttributes (411ms)
			ProcessInitializeOnLoadMethodAttributes (168ms)
			AfterProcessingInitializeOnLoad (5ms)
			EditorAssembliesLoaded (0ms)
		ExecutionOrderSort2 (0ms)
		AwakeInstancesAfterBackupRestoration (8ms)
Refreshing native plugins compatible for Editor in 6.77 ms, found 2 plugins.
Preloading 0 native plugins for Editor in 0.00 ms.
Unloading 2509 Unused Serialized files (Serialized files now loaded: 0)
Unloading 52 unused Assets / (43.1 KB). Loaded Objects now: 2991.
Memory consumption went from 116.6 MB to 116.6 MB.
Total: 6.128900 ms (FindLiveObjects: 0.185900 ms CreateObjectMapping: 0.156100 ms MarkObjects: 5.712500 ms  DeleteObjects: 0.072900 ms)

Prepare: number of updated asset objects reloaded= 0
AssetImportParameters requested are different than current active one (requested -> active):
  custom:video-decoder-webm-vp8: 9c59270c3fd7afecdb556c50c9e8de78 -> 
  custom:SearchIndexIgnoredProperties: e643bd26f0fe6173181afceb89e7c659 -> 
  custom:container-demuxer-ogg: 62fdf1f143b41e24485cea50d1cbac27 -> 
  custom:AudioImporter_EditorPlatform: d09bf68614088b80899f8185d706f6e7 -> 
  custom:video-codec-MediaFoundation-h265: 746d11721c4dcdbdad8f713fa42b33f4 -> 
  custom:video-decoder-ogg-theora: a1e56fd34408186e4bbccfd4996cb3dc -> 
  custom:framework-win-MediaFoundation: 216162199b28c13a410421893ffa2e32 -> 
  custom:video-encoder-webm-vp8: eb34c28f22e8b96e1ab97ce403110664 -> 
  custom:audio-decoder-ogg-vorbis: bf7c407c2cedff20999df2af8eb42d56 -> 
  custom:CustomObjectIndexerAttribute: 756ad292c208cfabdd7b50bc23989ffe -> 
  custom:container-demuxer-webm: 4f35f7cbe854078d1ac9338744f61a02 -> 
  custom:audio-encoder-webm-vorbis: bf7c407c2cedff20999df2af8eb42d56 -> 
  custom:container-muxer-webm: aa71ff27fc2769a1b78a27578f13a17b -> 
========================================================================
Received Prepare
Begin MonoManager ReloadAssembly
Symbol file LoadedFromMemory is not a mono symbol file
- Loaded All Assemblies, in  0.634 seconds
Refreshing native plugins compatible for Editor in 7.85 ms, found 2 plugins.
Native extension for WindowsStandalone target not found
Native extension for Android target not found
Native extension for WebGL target not found
[Package Manager] Server::EnsureServerProcessIsRunning -- launch failed, reason: Unity was launched with the -noUpm command-line argument
[Package Manager] UpmClient::Send -- Unable to send message (not connected to UPM process).
[Package Manager] Cannot connect to Unity Package Manager local server
Mono: successfully reloaded assembly
- Finished resetting the current domain, in  1.161 seconds
Domain Reload Profiling: 1793ms
	BeginReloadAssembly (329ms)
		ExecutionOrderSort (0ms)
		DisableScriptedObjects (6ms)
		BackupInstance (0ms)
		ReleaseScriptingObjects (0ms)
		CreateAndSetChildDomain (38ms)
	RebuildCommonClasses (38ms)
	RebuildNativeTypeToScriptingClass (12ms)
	initialDomainReloadingComplete (31ms)
	LoadAllAssembliesAndSetupDomain (221ms)
		LoadAssemblies (289ms)
		RebuildTransferFunctionScriptingTraits (0ms)
		AnalyzeDomain (23ms)
			TypeCache.Refresh (9ms)
				TypeCache.ScanAssembly (0ms)
			ScanForSourceGeneratedMonoScriptInfo (8ms)
			ResolveRequiredComponents (5ms)
	FinalizeReload (1162ms)
		ReleaseScriptCaches (0ms)
		RebuildScriptCaches (0ms)
		SetupLoadedEditorAssemblies (699ms)
			LogAssemblyErrors (0ms)
			InitializePlatformSupportModulesInManaged (30ms)
			SetLoadedEditorAssemblies (4ms)
			RefreshPlugins (0ms)
			BeforeProcessingInitializeOnLoad (59ms)
			ProcessInitializeOnLoadAttributes (443ms)
			ProcessInitializeOnLoadMethodAttributes (157ms)
			AfterProcessingInitializeOnLoad (5ms)
			EditorAssembliesLoaded (0ms)
		ExecutionOrderSort2 (0ms)
		AwakeInstancesAfterBackupRestoration (7ms)
Refreshing native plugins compatible for Editor in 7.27 ms, found 2 plugins.
Preloading 0 native plugins for Editor in 0.00 ms.
Unloading 2509 Unused Serialized files (Serialized files now loaded: 0)
Unloading 52 unused Assets / (43.1 KB). Loaded Objects now: 2994.
Memory consumption went from 118.5 MB to 118.5 MB.
Total: 6.624700 ms (FindLiveObjects: 0.197900 ms CreateObjectMapping: 0.169600 ms MarkObjects: 6.194500 ms  DeleteObjects: 0.061700 ms)

Prepare: number of updated asset objects reloaded= 0
AssetImportParameters requested are different than current active one (requested -> active):
  custom:video-decoder-webm-vp8: 9c59270c3fd7afecdb556c50c9e8de78 -> 
  custom:SearchIndexIgnoredProperties: e643bd26f0fe6173181afceb89e7c659 -> 
  custom:container-demuxer-ogg: 62fdf1f143b41e24485cea50d1cbac27 -> 
  custom:AudioImporter_EditorPlatform: d09bf68614088b80899f8185d706f6e7 -> 
  custom:video-codec-MediaFoundation-h265: 746d11721c4dcdbdad8f713fa42b33f4 -> 
  custom:video-decoder-ogg-theora: a1e56fd34408186e4bbccfd4996cb3dc -> 
  custom:framework-win-MediaFoundation: 216162199b28c13a410421893ffa2e32 -> 
  custom:video-encoder-webm-vp8: eb34c28f22e8b96e1ab97ce403110664 -> 
  custom:audio-decoder-ogg-vorbis: bf7c407c2cedff20999df2af8eb42d56 -> 
  custom:CustomObjectIndexerAttribute: 756ad292c208cfabdd7b50bc23989ffe -> 
  custom:container-demuxer-webm: 4f35f7cbe854078d1ac9338744f61a02 -> 
  custom:audio-encoder-webm-vorbis: bf7c407c2cedff20999df2af8eb42d56 -> 
  custom:container-muxer-webm: aa71ff27fc2769a1b78a27578f13a17b -> 
========================================================================
Received Import Request.
  Time since last request: 382.481337 seconds.
  path: Assets/Prefab/Spring.prefab
  artifactKey: Guid(85d93736a72b8e94e9d9249bdc00637b) Importer(815301076,1909f56bfc062723c751e8b465ee728b)
Start importing Assets/Prefab/Spring.prefab using Guid(85d93736a72b8e94e9d9249bdc00637b) Importer(815301076,1909f56bfc062723c751e8b465ee728b)  -> (artifact id: 'b95d52a9fe28657546f3edff2469acec') in 0.093299 seconds
Number of updated asset objects reloaded before import = 0
Number of asset objects unloaded after import = 11
========================================================================
Received Prepare
Begin MonoManager ReloadAssembly
Symbol file LoadedFromMemory is not a mono symbol file
- Loaded All Assemblies, in  0.718 seconds
Refreshing native plugins compatible for Editor in 7.40 ms, found 2 plugins.
Native extension for WindowsStandalone target not found
Native extension for Android target not found
Native extension for WebGL target not found
[Package Manager] Server::EnsureServerProcessIsRunning -- launch failed, reason: Unity was launched with the -noUpm command-line argument
[Package Manager] UpmClient::Send -- Unable to send message (not connected to UPM process).
[Package Manager] Cannot connect to Unity Package Manager local server
Mono: successfully reloaded assembly
- Finished resetting the current domain, in  1.164 seconds
Domain Reload Profiling: 1877ms
	BeginReloadAssembly (344ms)
		ExecutionOrderSort (0ms)
		DisableScriptedObjects (10ms)
		BackupInstance (0ms)
		ReleaseScriptingObjects (0ms)
		CreateAndSetChildDomain (42ms)
	RebuildCommonClasses (58ms)
	RebuildNativeTypeToScriptingClass (20ms)
	initialDomainReloadingComplete (47ms)
	LoadAllAssembliesAndSetupDomain (245ms)
		LoadAssemblies (298ms)
		RebuildTransferFunctionScriptingTraits (0ms)
		AnalyzeDomain (26ms)
			TypeCache.Refresh (11ms)
				TypeCache.ScanAssembly (0ms)
			ScanForSourceGeneratedMonoScriptInfo (11ms)
			ResolveRequiredComponents (4ms)
	FinalizeReload (1164ms)
		ReleaseScriptCaches (0ms)
		RebuildScriptCaches (0ms)
		SetupLoadedEditorAssemblies (799ms)
			LogAssemblyErrors (0ms)
			InitializePlatformSupportModulesInManaged (31ms)
			SetLoadedEditorAssemblies (5ms)
			RefreshPlugins (0ms)
			BeforeProcessingInitializeOnLoad (81ms)
			ProcessInitializeOnLoadAttributes (507ms)
			ProcessInitializeOnLoadMethodAttributes (169ms)
			AfterProcessingInitializeOnLoad (5ms)
			EditorAssembliesLoaded (0ms)
		ExecutionOrderSort2 (0ms)
		AwakeInstancesAfterBackupRestoration (6ms)
Refreshing native plugins compatible for Editor in 6.19 ms, found 2 plugins.
Preloading 0 native plugins for Editor in 0.00 ms.
Unloading 2508 Unused Serialized files (Serialized files now loaded: 0)
Unloading 52 unused Assets / (43.1 KB). Loaded Objects now: 3001.
Memory consumption went from 120.3 MB to 120.2 MB.
Total: 6.677200 ms (FindLiveObjects: 0.195100 ms CreateObjectMapping: 0.224000 ms MarkObjects: 6.176900 ms  DeleteObjects: 0.080500 ms)

Prepare: number of updated asset objects reloaded= 0
AssetImportParameters requested are different than current active one (requested -> active):
  custom:video-decoder-webm-vp8: 9c59270c3fd7afecdb556c50c9e8de78 -> 
  custom:SearchIndexIgnoredProperties: e643bd26f0fe6173181afceb89e7c659 -> 
  custom:container-demuxer-ogg: 62fdf1f143b41e24485cea50d1cbac27 -> 
  custom:AudioImporter_EditorPlatform: d09bf68614088b80899f8185d706f6e7 -> 
  custom:video-codec-MediaFoundation-h265: 746d11721c4dcdbdad8f713fa42b33f4 -> 
  custom:video-decoder-ogg-theora: a1e56fd34408186e4bbccfd4996cb3dc -> 
  custom:framework-win-MediaFoundation: 216162199b28c13a410421893ffa2e32 -> 
  custom:video-encoder-webm-vp8: eb34c28f22e8b96e1ab97ce403110664 -> 
  custom:audio-decoder-ogg-vorbis: bf7c407c2cedff20999df2af8eb42d56 -> 
  custom:CustomObjectIndexerAttribute: 756ad292c208cfabdd7b50bc23989ffe -> 
  custom:container-demuxer-webm: 4f35f7cbe854078d1ac9338744f61a02 -> 
  custom:audio-encoder-webm-vorbis: bf7c407c2cedff20999df2af8eb42d56 -> 
  custom:container-muxer-webm: aa71ff27fc2769a1b78a27578f13a17b -> 
========================================================================
Received Prepare
Begin MonoManager ReloadAssembly
Symbol file LoadedFromMemory is not a mono symbol file
- Loaded All Assemblies, in  0.590 seconds
Refreshing native plugins compatible for Editor in 7.08 ms, found 2 plugins.
Native extension for WindowsStandalone target not found
Native extension for Android target not found
Native extension for WebGL target not found
[Package Manager] Server::EnsureServerProcessIsRunning -- launch failed, reason: Unity was launched with the -noUpm command-line argument
[Package Manager] UpmClient::Send -- Unable to send message (not connected to UPM process).
[Package Manager] Cannot connect to Unity Package Manager local server
Mono: successfully reloaded assembly
- Finished resetting the current domain, in  1.299 seconds
Domain Reload Profiling: 1887ms
	BeginReloadAssembly (308ms)
		ExecutionOrderSort (0ms)
		DisableScriptedObjects (6ms)
		BackupInstance (0ms)
		ReleaseScriptingObjects (0ms)
		CreateAndSetChildDomain (36ms)
	RebuildCommonClasses (40ms)
	RebuildNativeTypeToScriptingClass (12ms)
	initialDomainReloadingComplete (25ms)
	LoadAllAssembliesAndSetupDomain (203ms)
		LoadAssemblies (274ms)
		RebuildTransferFunctionScriptingTraits (0ms)
		AnalyzeDomain (10ms)
			TypeCache.Refresh (5ms)
				TypeCache.ScanAssembly (0ms)
			ScanForSourceGeneratedMonoScriptInfo (0ms)
			ResolveRequiredComponents (4ms)
	FinalizeReload (1300ms)
		ReleaseScriptCaches (0ms)
		RebuildScriptCaches (0ms)
		SetupLoadedEditorAssemblies (854ms)
			LogAssemblyErrors (0ms)
			InitializePlatformSupportModulesInManaged (34ms)
			SetLoadedEditorAssemblies (7ms)
			RefreshPlugins (0ms)
			BeforeProcessingInitializeOnLoad (76ms)
			ProcessInitializeOnLoadAttributes (528ms)
			ProcessInitializeOnLoadMethodAttributes (202ms)
			AfterProcessingInitializeOnLoad (6ms)
			EditorAssembliesLoaded (0ms)
		ExecutionOrderSort2 (0ms)
		AwakeInstancesAfterBackupRestoration (7ms)
Refreshing native plugins compatible for Editor in 7.24 ms, found 2 plugins.
Preloading 0 native plugins for Editor in 0.00 ms.
Unloading 2509 Unused Serialized files (Serialized files now loaded: 0)
Unloading 52 unused Assets / (43.0 KB). Loaded Objects now: 3004.
Memory consumption went from 122.5 MB to 122.4 MB.
Total: 7.963400 ms (FindLiveObjects: 0.205800 ms CreateObjectMapping: 0.179600 ms MarkObjects: 7.505300 ms  DeleteObjects: 0.071400 ms)

Prepare: number of updated asset objects reloaded= 0
AssetImportParameters requested are different than current active one (requested -> active):
  custom:video-decoder-webm-vp8: 9c59270c3fd7afecdb556c50c9e8de78 -> 
  custom:SearchIndexIgnoredProperties: e643bd26f0fe6173181afceb89e7c659 -> 
  custom:container-demuxer-ogg: 62fdf1f143b41e24485cea50d1cbac27 -> 
  custom:AudioImporter_EditorPlatform: d09bf68614088b80899f8185d706f6e7 -> 
  custom:video-codec-MediaFoundation-h265: 746d11721c4dcdbdad8f713fa42b33f4 -> 
  custom:video-decoder-ogg-theora: a1e56fd34408186e4bbccfd4996cb3dc -> 
  custom:framework-win-MediaFoundation: 216162199b28c13a410421893ffa2e32 -> 
  custom:video-encoder-webm-vp8: eb34c28f22e8b96e1ab97ce403110664 -> 
  custom:audio-decoder-ogg-vorbis: bf7c407c2cedff20999df2af8eb42d56 -> 
  custom:CustomObjectIndexerAttribute: 756ad292c208cfabdd7b50bc23989ffe -> 
  custom:container-demuxer-webm: 4f35f7cbe854078d1ac9338744f61a02 -> 
  custom:audio-encoder-webm-vorbis: bf7c407c2cedff20999df2af8eb42d56 -> 
  custom:container-muxer-webm: aa71ff27fc2769a1b78a27578f13a17b -> 
